c:\users\я\desktop\practice-master\cppclr_winformsprojekt1\cppclr_winformsprojekt1\x64\debug\systemofconcert.pch
c:\users\я\desktop\practice-master\cppclr_winformsprojekt1\cppclr_winformsprojekt1\x64\debug\vc141.pdb
c:\users\я\desktop\practice-master\cppclr_winformsprojekt1\cppclr_winformsprojekt1\x64\debug\stdafx.obj
c:\users\я\desktop\practice-master\cppclr_winformsprojekt1\cppclr_winformsprojekt1\x64\debug\form1.obj
c:\users\я\desktop\practice-master\cppclr_winformsprojekt1\cppclr_winformsprojekt1\x64\debug\source.obj
c:\users\я\desktop\practice-master\cppclr_winformsprojekt1\cppclr_winformsprojekt1\x64\debug\concert.obj
c:\users\я\desktop\practice-master\cppclr_winformsprojekt1\cppclr_winformsprojekt1\x64\debug\assemblyinfo.obj
c:\users\я\desktop\practice-master\cppclr_winformsprojekt1\cppclr_winformsprojekt1\x64\debug\.netframework,version=v4.5.2.assemblyattributes.obj
c:\users\я\desktop\practice-master\cppclr_winformsprojekt1\cppclr_winformsprojekt1\x64\debug\.netframework,version=v4.5.2.assemblyattributes.asm
c:\users\я\desktop\practice-master\cppclr_winformsprojekt1\x64\debug\systemofconcert.exe
c:\users\я\desktop\practice-master\cppclr_winformsprojekt1\x64\debug\systemofconcert.pdb
c:\users\я\desktop\practice-master\cppclr_winformsprojekt1\cppclr_winformsprojekt1\x64\debug\app.res
c:\users\я\desktop\practice-master\cppclr_winformsprojekt1\cppclr_winformsprojekt1\x64\debug\cppclr_winformsprojekt1.form1.resources
c:\users\я\desktop\practice-master\cppclr_winformsprojekt1\cppclr_winformsprojekt1\x64\debug\cppclr_winformsprojekt1.vcxproj.generateresource.cache
c:\users\я\desktop\practice-master\cppclr_winformsprojekt1\cppclr_winformsprojekt1\x64\debug\cppclr_winformsprojekt1.vcxprojassemblyreference.cache
c:\users\я\desktop\practice-master\cppclr_winformsprojekt1\cppclr_winformsprojekt1\x64\debug\systemofconcert.tlog\cl.command.1.tlog
c:\users\я\desktop\practice-master\cppclr_winformsprojekt1\cppclr_winformsprojekt1\x64\debug\systemofconcert.tlog\cl.read.1.tlog
c:\users\я\desktop\practice-master\cppclr_winformsprojekt1\cppclr_winformsprojekt1\x64\debug\systemofconcert.tlog\cl.write.1.tlog
c:\users\я\desktop\practice-master\cppclr_winformsprojekt1\cppclr_winformsprojekt1\x64\debug\systemofconcert.tlog\link.command.1.tlog
c:\users\я\desktop\practice-master\cppclr_winformsprojekt1\cppclr_winformsprojekt1\x64\debug\systemofconcert.tlog\link.read.1.tlog
c:\users\я\desktop\practice-master\cppclr_winformsprojekt1\cppclr_winformsprojekt1\x64\debug\systemofconcert.tlog\link.write.1.tlog
c:\users\я\desktop\practice-master\cppclr_winformsprojekt1\cppclr_winformsprojekt1\x64\debug\systemofconcert.tlog\metagen.read.1.tlog
c:\users\я\desktop\practice-master\cppclr_winformsprojekt1\cppclr_winformsprojekt1\x64\debug\systemofconcert.tlog\metagen.write.1.tlog
c:\users\я\desktop\practice-master\cppclr_winformsprojekt1\cppclr_winformsprojekt1\x64\debug\systemofconcert.tlog\rc.command.1.tlog
c:\users\я\desktop\practice-master\cppclr_winformsprojekt1\cppclr_winformsprojekt1\x64\debug\systemofconcert.tlog\rc.read.1.tlog
c:\users\я\desktop\practice-master\cppclr_winformsprojekt1\cppclr_winformsprojekt1\x64\debug\systemofconcert.tlog\rc.write.1.tlog
c:\users\я\desktop\practice-master\cppclr_winformsprojekt1\cppclr_winformsprojekt1\x64\debug\systemofconcert.tlog\systemofconcert.write.1u.tlog
